2022-09-09 15:39:26,594 [Worker-5: Loading available Gradle versions] INFO  o.e.b.c.i.u.g.PublishedGradleVersions - Gradle version information cache is out-of-date. Trying to update.
2022-09-09 15:40:44,822 [Worker-2: Building] INFO  o.e.m.c.i.l.LifecycleMappingFactory - Using org.eclipse.m2e.jdt.JarLifecycleMapping lifecycle mapping for MavenProject: FirstTestNGProject:FirstTestNGProject:0.0.1-SNAPSHOT @ D:\MyProjectAutomation\FirstTestNGProject\pom.xml.
2022-09-09 15:40:46,458 [Worker-2: Building] INFO  o.e.m.c.i.embedder.EclipseLogger - Using 'UTF-8' encoding to copy filtered resources.
2022-09-09 15:40:46,458 [Worker-2: Building] INFO  o.e.m.c.i.embedder.EclipseLogger - skip non existing resourceDirectory D:\MyProjectAutomation\FirstTestNGProject\src\main\resources
2022-09-09 15:40:46,461 [Worker-2: Building] INFO  o.e.m.c.i.embedder.EclipseLogger - Using 'UTF-8' encoding to copy filtered resources.
2022-09-09 15:40:46,461 [Worker-2: Building] INFO  o.e.m.c.i.embedder.EclipseLogger - skip non existing resourceDirectory D:\MyProjectAutomation\FirstTestNGProject\src\test\resources
2022-09-09 15:40:47,337 [Worker-0: Updating Maven Dependencies] INFO  o.e.m.c.i.l.LifecycleMappingFactory - Using org.eclipse.m2e.jdt.JarLifecycleMapping lifecycle mapping for MavenProject: FirstTestNGProject:FirstTestNGProject:0.0.1-SNAPSHOT @ D:\MyProjectAutomation\FirstTestNGProject\pom.xml.
2022-09-09 15:40:48,965 [Worker-1: Building] INFO  o.e.m.c.i.embedder.EclipseLogger - Using 'UTF-8' encoding to copy filtered resources.
2022-09-09 15:40:48,965 [Worker-1: Building] INFO  o.e.m.c.i.embedder.EclipseLogger - skip non existing resourceDirectory D:\MyProjectAutomation\FirstTestNGProject\src\main\resources
2022-09-09 15:40:48,967 [Worker-1: Building] INFO  o.e.m.c.i.embedder.EclipseLogger - Using 'UTF-8' encoding to copy filtered resources.
2022-09-09 15:40:48,967 [Worker-1: Building] INFO  o.e.m.c.i.embedder.EclipseLogger - skip non existing resourceDirectory D:\MyProjectAutomation\FirstTestNGProject\src\test\resources
2022-09-09 15:40:58,169 [Worker-1: Building] INFO  o.e.m.c.i.embedder.EclipseLogger - Using 'UTF-8' encoding to copy filtered resources.
2022-09-09 15:40:58,170 [Worker-1: Building] INFO  o.e.m.c.i.embedder.EclipseLogger - skip non existing resourceDirectory D:\MyProjectAutomation\FirstTestNGProject\src\main\resources
2022-09-09 15:40:58,171 [Worker-1: Building] INFO  o.e.m.c.i.embedder.EclipseLogger - Using 'UTF-8' encoding to copy filtered resources.
2022-09-09 15:40:58,171 [Worker-1: Building] INFO  o.e.m.c.i.embedder.EclipseLogger - skip non existing resourceDirectory D:\MyProjectAutomation\FirstTestNGProject\src\test\resources
2022-09-09 15:46:36,288 [Worker-1: Loading available Gradle versions] INFO  o.e.b.c.i.u.g.PublishedGradleVersions - Gradle version information cache is up-to-date. Trying to read.
2022-09-09 15:47:21,521 [Worker-7: Building] INFO  o.e.m.c.i.l.LifecycleMappingFactory - Using org.eclipse.m2e.jdt.JarLifecycleMapping lifecycle mapping for MavenProject: FirstTestNGProject:FirstTestNGProject:0.0.1-SNAPSHOT @ D:\MyProjectAutomation\FirstTestNGProject\pom.xml.
2022-09-09 15:47:22,893 [Worker-7: Building] INFO  o.e.m.c.i.embedder.EclipseLogger - Using 'UTF-8' encoding to copy filtered resources.
2022-09-09 15:47:22,893 [Worker-7: Building] INFO  o.e.m.c.i.embedder.EclipseLogger - skip non existing resourceDirectory D:\MyProjectAutomation\FirstTestNGProject\src\main\resources
2022-09-09 15:47:22,897 [Worker-7: Building] INFO  o.e.m.c.i.embedder.EclipseLogger - Using 'UTF-8' encoding to copy filtered resources.
2022-09-09 15:47:22,897 [Worker-7: Building] INFO  o.e.m.c.i.embedder.EclipseLogger - skip non existing resourceDirectory D:\MyProjectAutomation\FirstTestNGProject\src\test\resources
2022-09-09 15:47:24,887 [Worker-11: Building] INFO  o.e.m.c.i.embedder.EclipseLogger - Using 'UTF-8' encoding to copy filtered resources.
2022-09-09 15:47:24,888 [Worker-11: Building] INFO  o.e.m.c.i.embedder.EclipseLogger - skip non existing resourceDirectory D:\MyProjectAutomation\FirstTestNGProject\src\main\resources
2022-09-09 15:47:24,890 [Worker-11: Building] INFO  o.e.m.c.i.embedder.EclipseLogger - Using 'UTF-8' encoding to copy filtered resources.
2022-09-09 15:47:24,890 [Worker-11: Building] INFO  o.e.m.c.i.embedder.EclipseLogger - skip non existing resourceDirectory D:\MyProjectAutomation\FirstTestNGProject\src\test\resources
2022-09-09 15:47:30,702 [Worker-12: Building] INFO  o.e.m.c.i.embedder.EclipseLogger - Using 'UTF-8' encoding to copy filtered resources.
2022-09-09 15:47:30,703 [Worker-12: Building] INFO  o.e.m.c.i.embedder.EclipseLogger - skip non existing resourceDirectory D:\MyProjectAutomation\FirstTestNGProject\src\main\resources
2022-09-09 15:47:30,721 [Worker-12: Building] INFO  o.e.m.c.i.embedder.EclipseLogger - Using 'UTF-8' encoding to copy filtered resources.
2022-09-09 15:47:30,722 [Worker-12: Building] INFO  o.e.m.c.i.embedder.EclipseLogger - skip non existing resourceDirectory D:\MyProjectAutomation\FirstTestNGProject\src\test\resources
2022-09-09 15:47:36,826 [Worker-1: Building] INFO  o.e.m.c.i.embedder.EclipseLogger - Using 'UTF-8' encoding to copy filtered resources.
2022-09-09 15:47:36,826 [Worker-1: Building] INFO  o.e.m.c.i.embedder.EclipseLogger - skip non existing resourceDirectory D:\MyProjectAutomation\FirstTestNGProject\src\main\resources
2022-09-09 15:47:36,828 [Worker-1: Building] INFO  o.e.m.c.i.embedder.EclipseLogger - Using 'UTF-8' encoding to copy filtered resources.
2022-09-09 15:47:36,829 [Worker-1: Building] INFO  o.e.m.c.i.embedder.EclipseLogger - skip non existing resourceDirectory D:\MyProjectAutomation\FirstTestNGProject\src\test\resources
2022-09-09 15:49:26,993 [Worker-9: Building] INFO  o.e.m.c.i.embedder.EclipseLogger - Using 'UTF-8' encoding to copy filtered resources.
2022-09-09 15:49:26,993 [Worker-9: Building] INFO  o.e.m.c.i.embedder.EclipseLogger - skip non existing resourceDirectory D:\MyProjectAutomation\FirstTestNGProject\src\main\resources
2022-09-09 15:49:26,995 [Worker-9: Building] INFO  o.e.m.c.i.embedder.EclipseLogger - Using 'UTF-8' encoding to copy filtered resources.
2022-09-09 15:49:26,996 [Worker-9: Building] INFO  o.e.m.c.i.embedder.EclipseLogger - skip non existing resourceDirectory D:\MyProjectAutomation\FirstTestNGProject\src\test\resources
2022-09-09 15:49:52,669 [Worker-10: Building] INFO  o.e.m.c.i.embedder.EclipseLogger - Using 'UTF-8' encoding to copy filtered resources.
2022-09-09 15:49:52,669 [Worker-10: Building] INFO  o.e.m.c.i.embedder.EclipseLogger - skip non existing resourceDirectory D:\MyProjectAutomation\FirstTestNGProject\src\main\resources
2022-09-09 15:49:52,671 [Worker-10: Building] INFO  o.e.m.c.i.embedder.EclipseLogger - Using 'UTF-8' encoding to copy filtered resources.
2022-09-09 15:49:52,671 [Worker-10: Building] INFO  o.e.m.c.i.embedder.EclipseLogger - skip non existing resourceDirectory D:\MyProjectAutomation\FirstTestNGProject\src\test\resources
2022-09-09 15:50:12,353 [Worker-9: Building] INFO  o.e.m.c.i.embedder.EclipseLogger - Using 'UTF-8' encoding to copy filtered resources.
2022-09-09 15:50:12,353 [Worker-9: Building] INFO  o.e.m.c.i.embedder.EclipseLogger - skip non existing resourceDirectory D:\MyProjectAutomation\FirstTestNGProject\src\main\resources
2022-09-09 15:50:12,357 [Worker-9: Building] INFO  o.e.m.c.i.embedder.EclipseLogger - Using 'UTF-8' encoding to copy filtered resources.
2022-09-09 15:50:12,357 [Worker-9: Building] INFO  o.e.m.c.i.embedder.EclipseLogger - skip non existing resourceDirectory D:\MyProjectAutomation\FirstTestNGProject\src\test\resources
2022-09-09 15:58:01,235 [Worker-24: Building] INFO  o.e.m.c.i.l.LifecycleMappingFactory - Using org.eclipse.m2e.jdt.JarLifecycleMapping lifecycle mapping for MavenProject: SenariousAutomation:SenariousAutomation:0.0.1-SNAPSHOT @ D:\GithubRepository\FirstGithubProject\SenariousAutomation\pom.xml.
2022-09-09 15:58:02,195 [Worker-24: Building] INFO  o.e.m.c.i.embedder.EclipseLogger - Using 'UTF-8' encoding to copy filtered resources.
2022-09-09 15:58:02,196 [Worker-24: Building] INFO  o.e.m.c.i.embedder.EclipseLogger - skip non existing resourceDirectory D:\GithubRepository\FirstGithubProject\SenariousAutomation\src\main\resources
2022-09-09 15:58:02,197 [Worker-24: Building] INFO  o.e.m.c.i.embedder.EclipseLogger - Using 'UTF-8' encoding to copy filtered resources.
2022-09-09 15:58:02,198 [Worker-24: Building] INFO  o.e.m.c.i.embedder.EclipseLogger - skip non existing resourceDirectory D:\GithubRepository\FirstGithubProject\SenariousAutomation\src\test\resources
2022-09-09 15:58:03,174 [Worker-27: Updating Maven Dependencies] INFO  o.e.m.c.i.l.LifecycleMappingFactory - Using org.eclipse.m2e.jdt.JarLifecycleMapping lifecycle mapping for MavenProject: SenariousAutomation:SenariousAutomation:0.0.1-SNAPSHOT @ D:\GithubRepository\FirstGithubProject\SenariousAutomation\pom.xml.
2022-09-09 15:58:04,236 [Worker-17: Building] INFO  o.e.m.c.i.embedder.EclipseLogger - Using 'UTF-8' encoding to copy filtered resources.
2022-09-09 15:58:04,236 [Worker-17: Building] INFO  o.e.m.c.i.embedder.EclipseLogger - skip non existing resourceDirectory D:\GithubRepository\FirstGithubProject\SenariousAutomation\src\main\resources
2022-09-09 15:58:04,238 [Worker-17: Building] INFO  o.e.m.c.i.embedder.EclipseLogger - Using 'UTF-8' encoding to copy filtered resources.
2022-09-09 15:58:04,239 [Worker-17: Building] INFO  o.e.m.c.i.embedder.EclipseLogger - skip non existing resourceDirectory D:\GithubRepository\FirstGithubProject\SenariousAutomation\src\test\resources
